
15/03/2018 00:01:18 | UPDATE BDD -  -- ALTER TABLE user_project DROP FOREIGN KEY FK_project;
15/03/2018 00:01:18 | UPDATE BDD -  -- ALTER TABLE user_project DROP FOREIGN KEY FK_user;
15/03/2018 00:01:18 | UPDATE BDD -  -- ALTER TABLE user DROP COLUMN lvl;
15/03/2018 00:01:18 | UPDATE BDD -  -- DROP TABLE user_project;
15/03/2018 00:02:55 | UPDATE BDD -  -- CREATE TABLE user_project ( user_id INT , project_id INT );
15/03/2018 00:02:55 | UPDATE BDD -  -- ALTER TABLE user ADD lvl LONGTEXT COMMENT "json_array" NOT NULL;
15/03/2018 00:02:55 | UPDATE BDD -  -- ALTER TABLE user_project ADD CONSTRAINT FK_project FOREIGN KEY (project_id) REFERENCES project(id);
15/03/2018 00:02:55 | UPDATE BDD -  -- ALTER TABLE user_project ADD CONSTRAINT FK_user FOREIGN KEY (user_id) REFERENCES user(id);
15/03/2018 00:48:30 | UPDATE BDD -  -- CREATE TABLE porno_user ( porno_id INT , acteurs_id INT );
15/03/2018 00:48:30 | UPDATE BDD -  -- CREATE TABLE porno ( id INT NOT NULL AUTO_INCREMENT PRIMARY KEY, nom VARCHAR(255) NOT NULL, desc TEXT );
15/03/2018 00:48:30 | UPDATE BDD -  -- ALTER TABLE porno_user ADD CONSTRAINT FK_user FOREIGN KEY (acteurs_id) REFERENCES user(id);
15/03/2018 00:48:30 | UPDATE BDD -  -- ALTER TABLE porno_user ADD CONSTRAINT FK_porno FOREIGN KEY (porno_id) REFERENCES porno(id);
15/03/2018 00:50:38 | UPDATE BDD -  -- ALTER TABLE porno_user DROP FOREIGN KEY FK_user;
15/03/2018 00:50:38 | UPDATE BDD -  -- ALTER TABLE porno_user DROP FOREIGN KEY FK_porno;
15/03/2018 00:50:38 | UPDATE BDD -  -- DROP TABLE porno_user;
15/03/2018 00:50:38 | UPDATE BDD -  -- DROP TABLE porno;
15/03/2018 00:51:33 | UPDATE BDD -  -- ALTER TABLE user_project DROP FOREIGN KEY FK_user;
15/03/2018 00:51:33 | UPDATE BDD -  -- ALTER TABLE user_project ADD CONSTRAINT FK_user FOREIGN KEY (user_id) REFERENCES user(id);
15/03/2018 00:57:28 | RESET -  -- DROP DATABASE testFramwork1234
15/03/2018 00:57:28 | RESET -  -- CREATE DATABASE testFramwork1234
15/03/2018 00:57:50 | UPDATE BDD -  -- CREATE TABLE user_project ( user_id INT , project_id INT );
15/03/2018 00:57:50 | UPDATE BDD -  -- CREATE TABLE user ( id INT NOT NULL AUTO_INCREMENT PRIMARY KEY, nom VARCHAR(255) NOT NULL, email VARCHAR(255) NOT NULL, password VARCHAR(255) NOT NULL, lvl LONGTEXT COMMENT "json_array" NOT NULL, validationDate DATETIME, extension_id INT  );
15/03/2018 00:57:50 | UPDATE BDD -  -- CREATE TABLE extension ( id INT NOT NULL AUTO_INCREMENT PRIMARY KEY, age INT NOT NULL, telephone VARCHAR(255) NOT NULL, adresse VARCHAR(255) NOT NULL );
15/03/2018 00:57:50 | UPDATE BDD -  -- CREATE TABLE project ( id INT NOT NULL AUTO_INCREMENT PRIMARY KEY, nom VARCHAR(255) NOT NULL, date DATE NOT NULL );
15/03/2018 00:57:50 | UPDATE BDD -  -- ALTER TABLE user ADD CONSTRAINT FK_extension FOREIGN KEY (extension_id) REFERENCES extension(id);
15/03/2018 00:57:50 | UPDATE BDD -  -- ALTER TABLE user_project ADD CONSTRAINT FK_project FOREIGN KEY (project_id) REFERENCES project(id);
15/03/2018 00:57:50 | UPDATE BDD -  -- ALTER TABLE user_project ADD CONSTRAINT FK_user FOREIGN KEY (user_id) REFERENCES user(id);
15/03/2018 14:12:06 | UPDATE BDD -  -- ALTER TABLE user CHANGE lvl roles LONGTEXT COMMENT "json_array" NOT NULL;
15/03/2018 14:13:32 | UPDATE BDD -  -- ALTER TABLE user ADD desc TEXT;
15/03/2018 14:17:50 | UPDATE BDD -  -- ALTER TABLE user ADD description TEXT;
16/03/2018 12:43:13 | UPDATE BDD -  -- ALTER TABLE user CHANGE password motdepasse VARCHAR(255) NOT NULL;
16/03/2018 12:44:27 | UPDATE BDD -  -- ALTER TABLE user CHANGE motdepasse password VARCHAR(255) NOT NULL;
24/03/2018 17:12:06 | RESET -  -- DROP DATABASE testFramwork1234
24/03/2018 17:12:06 | RESET -  -- CREATE DATABASE testFramwork1234
24/03/2018 17:12:35 | UPDATE BDD -  -- CREATE TABLE user_project ( user_id INT , project_id INT );
24/03/2018 17:12:36 | UPDATE BDD -  -- CREATE TABLE user ( id INT NOT NULL AUTO_INCREMENT PRIMARY KEY, nom VARCHAR(255) NOT NULL, email VARCHAR(255) NOT NULL, password VARCHAR(255) NOT NULL, roles LONGTEXT COMMENT "json_array" NOT NULL, validationDate DATETIME, extension_id INT , description TEXT );
24/03/2018 17:12:36 | UPDATE BDD -  -- CREATE TABLE extension ( id INT NOT NULL AUTO_INCREMENT PRIMARY KEY, age INT NOT NULL, telephone VARCHAR(255) NOT NULL, adresse VARCHAR(255) NOT NULL );
24/03/2018 17:12:36 | UPDATE BDD -  -- CREATE TABLE project ( id INT NOT NULL AUTO_INCREMENT PRIMARY KEY, nom VARCHAR(255) NOT NULL, date DATE NOT NULL );
24/03/2018 17:12:36 | UPDATE BDD -  -- ALTER TABLE user ADD CONSTRAINT FK_8D93D6499FB73D77 FOREIGN KEY (extension_id) REFERENCES extension(id);
24/03/2018 17:12:36 | UPDATE BDD -  -- ALTER TABLE user_project ADD CONSTRAINT FK_77BECEE42FB3D0EE FOREIGN KEY (project_id) REFERENCES project(id);
24/03/2018 17:12:36 | UPDATE BDD -  -- ALTER TABLE user_project ADD CONSTRAINT FK_77BECEE4A76ED395 FOREIGN KEY (user_id) REFERENCES user(id);
29/03/2018 14:19:18 | INSTALLATION BDD -  -- CREATE TABLE adress ( id INT NOT NULL AUTO_INCREMENT PRIMARY KEY, num VARCHAR(255) NOT NULL, rue VARCHAR(255) NOT NULL, postalCode VARCHAR(255) NOT NULL, city VARCHAR(255) NOT NULL );
29/03/2018 14:19:18 | INSTALLATION BDD -  -- CREATE TABLE demand ( id INT NOT NULL AUTO_INCREMENT PRIMARY KEY, formation_id INT  NOT NULL, user_id INT  NOT NULL, etat INT NOT NULL DEFAULT '1' );
29/03/2018 14:19:18 | INSTALLATION BDD -  -- CREATE TABLE equipe_user ( equipe_id INT , employe_id INT );
29/03/2018 14:19:18 | INSTALLATION BDD -  -- CREATE TABLE equipe ( id INT NOT NULL AUTO_INCREMENT PRIMARY KEY, nom VARCHAR(255) NOT NULL );
29/03/2018 14:19:18 | INSTALLATION BDD -  -- CREATE TABLE formation ( id INT NOT NULL AUTO_INCREMENT PRIMARY KEY, contenu TEXT NOT NULL, deb DATETIME NOT NULL, fin DATETIME NOT NULL, prestataire_id INT  NOT NULL, prerequis INT NOT NULL, adress_id INT  NOT NULL );
29/03/2018 14:19:18 | INSTALLATION BDD -  -- CREATE TABLE message ( id INT NOT NULL AUTO_INCREMENT PRIMARY KEY, receiver_id INT  NOT NULL, send_id INT  NOT NULL, message TEXT NOT NULL, date DATETIME NOT NULL );
29/03/2018 14:19:18 | INSTALLATION BDD -  -- CREATE TABLE prestataire ( id INT NOT NULL AUTO_INCREMENT PRIMARY KEY, nom VARCHAR(255) NOT NULL, fonction VARCHAR(255) NOT NULL, adress_id INT  NOT NULL );
29/03/2018 14:19:18 | INSTALLATION BDD -  -- ALTER TABLE demand ADD CONSTRAINT FK_428D7973404021BF FOREIGN KEY (formation_id) REFERENCES formation(id);
29/03/2018 14:19:18 | INSTALLATION BDD -  -- ALTER TABLE demand ADD CONSTRAINT FK_428D79738D93D649 FOREIGN KEY (user_id) REFERENCES user(id);
29/03/2018 14:19:18 | INSTALLATION BDD -  -- ALTER TABLE equipe_user ADD CONSTRAINT FK_84DA47B78D93D649 FOREIGN KEY (employe_id) REFERENCES user(id);
29/03/2018 14:19:18 | INSTALLATION BDD -  -- ALTER TABLE equipe_user ADD CONSTRAINT FK_84DA47B76D861B89 FOREIGN KEY (equipe_id) REFERENCES equipe(id);
29/03/2018 14:19:18 | INSTALLATION BDD -  -- ALTER TABLE formation ADD CONSTRAINT FK_404021BF60A26480 FOREIGN KEY (prestataire_id) REFERENCES prestataire(id);
29/03/2018 14:19:19 | INSTALLATION BDD -  -- ALTER TABLE formation ADD CONSTRAINT FK_404021BF5CECC7BE FOREIGN KEY (adress_id) REFERENCES adress(id);
29/03/2018 14:19:19 | INSTALLATION BDD -  -- ALTER TABLE message ADD CONSTRAINT FK_B6BD307F8D93D649 FOREIGN KEY (receiver_id) REFERENCES user(id);
29/03/2018 14:19:19 | INSTALLATION BDD -  -- ALTER TABLE message ADD CONSTRAINT FK_B6BD307F8D93D649 FOREIGN KEY (send_id) REFERENCES user(id);
29/03/2018 14:19:19 | INSTALLATION BDD -  -- ALTER TABLE prestataire ADD CONSTRAINT FK_60A264805CECC7BE FOREIGN KEY (adress_id) REFERENCES adress(id);
29/03/2018 14:21:12 | UPDATE BDD -  -- CREATE TABLE user ( id INT NOT NULL AUTO_INCREMENT PRIMARY KEY, nom VARCHAR(255) NOT NULL, prenom VARCHAR(255) NOT NULL, email VARCHAR(255) NOT NULL, password VARCHAR(255) NOT NULL, roles LONGTEXT COMMENT "json_array" NOT NULL, validationDate DATETIME, phone VARCHAR(255) NOT NULL, nbJour INT NOT NULL, credits INT NOT NULL, adress_id INT  );
29/03/2018 14:21:12 | UPDATE BDD -  -- ALTER TABLE user ADD CONSTRAINT FK_8D93D6495CECC7BE FOREIGN KEY (adress_id) REFERENCES adress(id);
29/03/2018 14:24:04 | UPDATE BDD -  -- ALTER TABLE user DROP COLUMN prenom;
29/03/2018 14:28:11 | UPDATE BDD -  -- ALTER TABLE user DROP COLUMN phone;
29/03/2018 14:28:11 | UPDATE BDD -  -- ALTER TABLE user DROP COLUMN nbJour;
29/03/2018 14:28:11 | UPDATE BDD -  -- ALTER TABLE user DROP COLUMN credits;
29/03/2018 14:28:11 | UPDATE BDD -  -- ALTER TABLE user ADD phone VARCHAR(255);
29/03/2018 14:28:11 | UPDATE BDD -  -- ALTER TABLE user ADD nbJour INT;
29/03/2018 14:28:11 | UPDATE BDD -  -- ALTER TABLE user ADD credits INT;
03/04/2018 17:59:21 | UPDATE BDD -  -- ALTER TABLE user DROP FOREIGN KEY FK_8D93D6495CECC7BE;
03/04/2018 17:59:21 | UPDATE BDD -  -- ALTER TABLE user DROP COLUMN adress_id;
03/04/2018 17:59:21 | UPDATE BDD -  -- ALTER TABLE formation DROP COLUMN fin;
03/04/2018 17:59:21 | UPDATE BDD -  -- CREATE TABLE user_adress ( user_id INT , adress_id INT );
03/04/2018 17:59:21 | UPDATE BDD -  -- ALTER TABLE formation ADD nom TEXT NOT NULL;
03/04/2018 17:59:21 | UPDATE BDD -  -- ALTER TABLE formation ADD duree DATETIME NOT NULL;
03/04/2018 17:59:21 | UPDATE BDD -  -- ALTER TABLE user_adress ADD CONSTRAINT FK_39BEDC835CECC7BE FOREIGN KEY (adress_id) REFERENCES adress(id);
03/04/2018 17:59:21 | UPDATE BDD -  -- ALTER TABLE user_adress ADD CONSTRAINT FK_39BEDC83A76ED395 FOREIGN KEY (user_id) REFERENCES user(id);
03/04/2018 18:14:05 | UPDATE BDD -  -- ALTER TABLE user_adress DROP FOREIGN KEY FK_39BEDC835CECC7BE;
03/04/2018 18:14:05 | UPDATE BDD -  -- ALTER TABLE user_adress DROP FOREIGN KEY FK_39BEDC83A76ED395;
03/04/2018 18:14:05 | UPDATE BDD -  -- ALTER TABLE user ADD adress_id INT ;
03/04/2018 18:14:05 | UPDATE BDD -  -- ALTER TABLE user ADD CONSTRAINT FK_8D93D6495CECC7BE FOREIGN KEY (adress_id) REFERENCES adress(id);
03/04/2018 18:14:05 | UPDATE BDD -  -- DROP TABLE user_adress;
